{"/Users/ritwicksundar/Desktop/ssr-materialui-testing/src/client/pages/HomePage.js": {"path":"/Users/ritwicksundar/Desktop/ssr-materialui-testing/src/client/pages/HomePage.js","statementMap":{"0":{"start":{"line":9,"column":2},"end":{"line":9,"column":15}},"1":{"start":{"line":10,"column":2},"end":{"line":12,"column":4}},"2":{"start":{"line":13,"column":2},"end":{"line":13,"column":51}},"3":{"start":{"line":14,"column":2},"end":{"line":14,"column":49}},"4":{"start":{"line":18,"column":2},"end":{"line":20,"column":5}},"5":{"start":{"line":24,"column":2},"end":{"line":26,"column":5}},"6":{"start":{"line":30,"column":2},"end":{"line":47,"column":4}},"7":{"start":{"line":40,"column":34},"end":{"line":40,"column":55}}},"fnMap":{"0":{"name":"(anonymous_0)","decl":{"start":{"line":8,"column":1},"end":{"line":8,"column":2}},"loc":{"start":{"line":8,"column":20},"end":{"line":15,"column":2}},"line":8},"1":{"name":"(anonymous_1)","decl":{"start":{"line":17,"column":1},"end":{"line":17,"column":2}},"loc":{"start":{"line":17,"column":16},"end":{"line":21,"column":2}},"line":17},"2":{"name":"(anonymous_2)","decl":{"start":{"line":23,"column":1},"end":{"line":23,"column":2}},"loc":{"start":{"line":23,"column":15},"end":{"line":27,"column":2}},"line":23},"3":{"name":"(anonymous_3)","decl":{"start":{"line":29,"column":1},"end":{"line":29,"column":2}},"loc":{"start":{"line":29,"column":10},"end":{"line":48,"column":2}},"line":29},"4":{"name":"(anonymous_4)","decl":{"start":{"line":40,"column":24},"end":{"line":40,"column":25}},"loc":{"start":{"line":40,"column":34},"end":{"line":40,"column":55}},"line":40}},"branchMap":{},"s":{"0":8,"1":8,"2":8,"3":8,"4":1,"5":0,"6":9,"7":0},"f":{"0":8,"1":1,"2":0,"3":9,"4":0},"b":{},"_coverageSchema":"332fd63041d2c1bcb487cc26dd0d5f7d97098a6c","hash":"008ef714675fdb8e7494f05c2661e908c9031185"}
,"/Users/ritwicksundar/Desktop/ssr-materialui-testing/test/jestsetup.js": {"path":"/Users/ritwicksundar/Desktop/ssr-materialui-testing/test/jestsetup.js","statementMap":{"0":{"start":{"line":4,"column":0},"end":{"line":6,"column":3}},"1":{"start":{"line":8,"column":0},"end":{"line":8,"column":25}},"2":{"start":{"line":9,"column":0},"end":{"line":9,"column":23}},"3":{"start":{"line":10,"column":0},"end":{"line":10,"column":21}}},"fnMap":{},"branchMap":{},"s":{"0":1,"1":1,"2":1,"3":1},"f":{},"b":{},"_coverageSchema":"332fd63041d2c1bcb487cc26dd0d5f7d97098a6c","hash":"82adbb095dbc1cc2bfb903c9f9ea32d9fd5188ea"}
}
