TN:
SF:/Users/ritwicksundar/Desktop/ssr-materialui-testing/src/client/pages/HomePage.js
FN:8,(anonymous_0)
FN:17,(anonymous_1)
FN:23,(anonymous_2)
FN:29,(anonymous_3)
FN:40,(anonymous_4)
FNF:5
FNH:3
FNDA:8,(anonymous_0)
FNDA:1,(anonymous_1)
FNDA:0,(anonymous_2)
FNDA:9,(anonymous_3)
FNDA:0,(anonymous_4)
DA:9,8
DA:10,8
DA:13,8
DA:14,8
DA:18,1
DA:24,0
DA:30,9
DA:40,0
LF:8
LH:6
BRF:0
BRH:0
end_of_record
TN:
SF:/Users/ritwicksundar/Desktop/ssr-materialui-testing/test/jestsetup.js
FNF:0
FNH:0
DA:4,1
DA:8,1
DA:9,1
DA:10,1
LF:4
LH:4
BRF:0
BRH:0
end_of_record
